<?xml version="1.0" encoding="UTF-8"?>
<!-- Generated by org.testng.reporters.JUnitReportReporter -->
<testsuite hostname="192.168.100.6" failures="0" tests="1" name="com.itechart.OnlinerTest" time="1.275" errors="0" timestamp="2022-02-15T17:55:06 MSK" skipped="0">
  <testcase classname="com.itechart.OnlinerTest" name="Resultscheck" time="1.275"/>
  <system-out/>
</testsuite> <!-- com.itechart.OnlinerTest -->
